<?xml version="1.0" encoding="UTF-8"?>
<testsuite name="ru.netology.qa.AppiumTest" tests="2" skipped="0" failures="0" errors="0" timestamp="2024-02-11T12:06:11" hostname="WIN-N0EJO5FA8E7" time="55.232">
  <properties/>
  <testcase name="EmptyText()" classname="ru.netology.qa.AppiumTest" time="28.913"/>
  <testcase name="activityTest()" classname="ru.netology.qa.AppiumTest" time="26.318"/>
  <system-out><![CDATA[]]></system-out>
  <system-err><![CDATA[февр. 11, 2024 3:06:31 PM io.appium.java_client.remote.AppiumCommandExecutor$1 lambda$0
INFO: Detected dialect: W3C
февр. 11, 2024 3:06:55 PM io.appium.java_client.remote.AppiumCommandExecutor$1 lambda$0
INFO: Detected dialect: W3C
]]></system-err>
</testsuite>
